<?xml version="1.0" encoding="UTF-8"?>
<!-- Generated by org.testng.reporters.JUnitReportReporter -->
<testsuite skipped="0" hostname="Akhils-Air" name="rsacademy.seleniumTest" tests="1" failures="0" timestamp="2020-06-20T14:16:16 GST" time="0.001" errors="0">
  <testcase name="browserAutomation" time="0.001" classname="rsacademy.seleniumTest"/>
  <system-out/>
</testsuite> <!-- rsacademy.seleniumTest -->
