<?xml version="1.0" encoding="UTF-8"?>
<!-- Generated by org.testng.reporters.JUnitReportReporter -->
<testsuite skipped="0" hostname="Akhils-Air" name="rsacademy.AppiumTest" tests="2" failures="0" timestamp="2020-06-20T14:15:54 GST" time="0.000" errors="0">
  <testcase name="nativeAppAndroid" time="0.000" classname="rsacademy.AppiumTest"/>
  <system-out/>
  <testcase name="iosApps" time="0.000" classname="rsacademy.AppiumTest"/>
  <system-out/>
</testsuite> <!-- rsacademy.AppiumTest -->
