<?xml version="1.0" encoding="UTF-8"?>
<!-- Generated by org.testng.reporters.JUnitReportReporter -->
<testsuite skipped="0" hostname="Akhils-Air" name="rsacademy.APITest" tests="2" failures="0" timestamp="2020-06-20T14:16:16 GST" time="0.007" errors="0">
  <testcase name="deleteTwitter" time="0.007" classname="rsacademy.APITest"/>
  <system-out/>
  <testcase name="postJira" time="0.000" classname="rsacademy.APITest"/>
  <system-out/>
</testsuite> <!-- rsacademy.APITest -->
